? [11.01.18 23:46:11]  Запуск программы [настройки по умолчанию]
? [11.01.18 23:46:44]  Записан файл Screen_2011_01_18_23_46_43_468.PNG

? [11.01.18 23:46:11]  Запуск программы [настройки по умолчанию]
? [11.01.18 23:46:44]  Записан файл Screen_2011_01_18_23_46_43_468.PNG
? [11.01.18 23:47:25]  Слежение за буффером включено

? [11.01.18 23:46:11]  Запуск программы [настройки по умолчанию]
? [11.01.18 23:46:44]  Записан файл Screen_2011_01_18_23_46_43_468.PNG
? [11.01.18 23:47:25]  Слежение за буффером включено
? [11.01.18 23:47:25]  Слежение за буффером отключено

? [11.01.18 23:46:11]  Запуск программы [настройки по умолчанию]
? [11.01.18 23:46:44]  Записан файл Screen_2011_01_18_23_46_43_468.PNG
? [11.01.18 23:47:25]  Слежение за буффером включено
? [11.01.18 23:47:25]  Слежение за буффером отключено
? [11.01.18 23:47:36]  Таймер запущен пользователем. Период 3секунд 

? [11.01.18 23:46:11]  Запуск программы [настройки по умолчанию]
? [11.01.18 23:46:44]  Записан файл Screen_2011_01_18_23_46_43_468.PNG
? [11.01.18 23:47:25]  Слежение за буффером включено
? [11.01.18 23:47:25]  Слежение за буффером отключено
? [11.01.18 23:47:36]  Таймер запущен пользователем. Период 3секунд 
? [11.01.18 23:47:39]  Сработал таймер

? [11.01.18 23:46:11]  Запуск программы [настройки по умолчанию]
? [11.01.18 23:46:44]  Записан файл Screen_2011_01_18_23_46_43_468.PNG
? [11.01.18 23:47:25]  Слежение за буффером включено
? [11.01.18 23:47:25]  Слежение за буффером отключено
? [11.01.18 23:47:36]  Таймер запущен пользователем. Период 3секунд 
? [11.01.18 23:47:39]  Сработал таймер
? [11.01.18 23:47:40]  Записан файл Screen_2011_01_18_23_47_39_781.PNG

? [11.01.18 23:46:11]  Запуск программы [настройки по умолчанию]
? [11.01.18 23:46:44]  Записан файл Screen_2011_01_18_23_46_43_468.PNG
? [11.01.18 23:47:25]  Слежение за буффером включено
? [11.01.18 23:47:25]  Слежение за буффером отключено
? [11.01.18 23:47:36]  Таймер запущен пользователем. Период 3секунд 
? [11.01.18 23:47:39]  Сработал таймер
? [11.01.18 23:47:40]  Записан файл Screen_2011_01_18_23_47_39_781.PNG
? [11.01.18 23:47:42]  Таймер остановлен пользователем

